<?xml version="1.0" encoding="UTF-8"?>
<!-- Generated by org.testng.reporters.JUnitXMLReporter -->
<testsuite hostname="DESKTOP-BURK48L" ignored="0" name="Test" tests="10" failures="7" timestamp="19 Jul 2022 22:57:04 GMT" time="78.391" errors="0">
  <testcase name="launchBrowser" time="1.181" classname="com.moduleone.LoginPage">
    <skipped/>
  </testcase> <!-- launchBrowser -->
  <testcase name="launchBrowser" time="1.004" classname="com.moduleone.LoginPage">
    <skipped/>
  </testcase> <!-- launchBrowser -->
  <testcase name="launchBrowser" time="1.154" classname="com.moduleone.LoginPage">
    <skipped/>
  </testcase> <!-- launchBrowser -->
  <testcase name="launchBrowser" time="1.06" classname="com.moduleone.LoginPage">
    <failure type="java.lang.AssertionError" message="expected [false] but found [true]">
      <![CDATA[java.lang.AssertionError: expected [false] but found [true]
	at com.moduleone.LoginPage.launchBrowser(LoginPage.java:86)
... Removed 31 stack frames]]>
    </failure>
  </testcase> <!-- launchBrowser -->
  <testcase name="launchBrowser" time="0.993" classname="com.moduleone.LoginPage">
    <failure type="java.lang.AssertionError" message="expected [false] but found [true]">
      <![CDATA[java.lang.AssertionError: expected [false] but found [true]
	at com.moduleone.LoginPage.launchBrowser(LoginPage.java:86)
... Removed 31 stack frames]]>
    </failure>
  </testcase> <!-- launchBrowser -->
  <testcase name="launchBrowser" time="0.902" classname="com.moduleone.LoginPage">
    <failure type="java.lang.AssertionError" message="expected [false] but found [true]">
      <![CDATA[java.lang.AssertionError: expected [false] but found [true]
	at com.moduleone.LoginPage.launchBrowser(LoginPage.java:86)
... Removed 31 stack frames]]>
    </failure>
  </testcase> <!-- launchBrowser -->
  <testcase name="launchBrowser" time="1.002" classname="com.moduleone.LoginPage">
    <failure type="java.lang.AssertionError" message="expected [false] but found [true]">
      <![CDATA[java.lang.AssertionError: expected [false] but found [true]
	at com.moduleone.LoginPage.launchBrowser(LoginPage.java:86)
... Removed 31 stack frames]]>
    </failure>
  </testcase> <!-- launchBrowser -->
  <testcase name="launchBrowser" time="1.255" classname="com.moduleone.LoginPage">
    <failure type="java.lang.AssertionError" message="expected [false] but found [true]">
      <![CDATA[java.lang.AssertionError: expected [false] but found [true]
	at com.moduleone.LoginPage.launchBrowser(LoginPage.java:86)
... Removed 31 stack frames]]>
    </failure>
  </testcase> <!-- launchBrowser -->
  <testcase name="launchBrowser" time="0.932" classname="com.moduleone.LoginPage">
    <failure type="java.lang.AssertionError" message="expected [false] but found [true]">
      <![CDATA[java.lang.AssertionError: expected [false] but found [true]
	at com.moduleone.LoginPage.launchBrowser(LoginPage.java:86)
... Removed 31 stack frames]]>
    </failure>
  </testcase> <!-- launchBrowser -->
  <testcase name="launchBrowser" time="1.005" classname="com.moduleone.LoginPage">
    <failure type="java.lang.AssertionError" message="expected [false] but found [true]">
      <![CDATA[java.lang.AssertionError: expected [false] but found [true]
	at com.moduleone.LoginPage.launchBrowser(LoginPage.java:86)
... Removed 31 stack frames]]>
    </failure>
  </testcase> <!-- launchBrowser -->
</testsuite> <!-- Test -->
